<?xml version="1.0" encoding="UTF-8"?>
<testsuite xmlns:xsi="http://www.w3.org/2001/XMLSchema-instance" xsi:noNamespaceSchemaLocation="https://maven.apache.org/surefire/maven-surefire-plugin/xsd/surefire-test-report.xsd" name="com.xiaobai.classcommunication.ClasscommunicationApplicationTests" time="77.797" tests="5" errors="0" skipped="0" failures="0">
  <properties>
[...]
</properties>
  <testcase name="jahsdjs" classname="com.xiaobai.classcommunication.ClasscommunicationApplicationTests" time="3.25"/>
  <testcase name="elssss" classname="com.xiaobai.classcommunication.ClasscommunicationApplicationTests" time="11.125"/>
  <testcase name="test11" classname="com.xiaobai.classcommunication.ClasscommunicationApplicationTests" time="0.078"/>
  <testcase name="test1" classname="com.xiaobai.classcommunication.ClasscommunicationApplicationTests" time="0.579"/>
  <testcase name="contextLoads" classname="com.xiaobai.classcommunication.ClasscommunicationApplicationTests" time="0"/>
</testsuite>